AELG: 55
ANQW: 52
AEDY: 97
AOIE: 58
ADXU: 104
ALJG: 39
AIEY: 56
AKOC: 45
AIFS: 80
AKCO: 71
AHZO: 77
AFMO: 47
AFVU: 84
AJJI: 83
AONE: 53
ANXU: 55
AGLY: 46
AGVO: 66
AOOI: 50
ANNK: 51
AIDK: 74
APDI: 31
AHCW: 77
AHEA: 76
AHIG: 75
ADZI: 86
ANRG: 58
ABFU: 70
AJMK: 61
ABKA: 52
ACOK: 108
ALIM: 68
AHJK: 79
AHZE: 52
ACCW: 191
AJAM: 51
AMGS: 47
ADDA: 47
ABMS: 240
AKZQ: 57
AEZW: 18
ALSW: 50
AGOG: 63
ALXW: 66
AFAG: 79
ANPS: 33
AGTG: 57
ACJA: 163
AFRY: 73
ACQS: 112
ABGY: 360
AHKO: 87
ADCQ: 94
AOYS: 57
ALGY: 49
AEBQ: 112
ADAS: 165
ADNK: 98
AFLU: 84
AGGE: 75
AIZI: 87
AINK: 48
AJAW: 75
AMJA: 56
AFVA: 76
AHJA: 61
ABOQ: 244
AHLI: 99
ABOG: 268
ABZU: 178
AEKM: 74
AIEE: 59
AEIE: 88
AMZY: 46
AJVG: 54
AGHS: 84
ACHC: 198
AEAC: 110
AHMM: 46
ADVW: 90
ALCI: 55
AHKY: 71
ACBS: 200
AIIK: 11
ALJQ: 58
ALVY: 35
ABYQ: 86
AJNE: 55
APAG: 39
ACKY: 155
ABLE: 222
ANWG: 47
ADRQ: 90
ADKS: 85
AJOS: 36
AOOS: 51
AEOS: 33
ABXC: 152
ACWC: 115
AMHW: 54
AJSO: 36
ALUK: 53
ACFO: 163
ACPY: 20
AEJS: 45
AGDW: 72
AGAA: 95
AKBA: 52
ANIK: 69
AGPK: 79
APNI: 46
AJIY: 55
APEM: 58
APQU: 43
APJW: 49
AGGO: 57
ADQC: 132
ADWG: 94
APRO: 52
ADQM: 127
AGQO: 27
AHQI: 90
AMWM: 57
ANQM: 43
AKLA: 63
AHOK: 96
AEWK: 98
ALBO: 55
ALDM: 22
AMIQ: 41
ACLI: 201
ABDW: 66
AIDA: 57
AEHK: 146
AOLG: 60
ALCS: 41
AFDS: 97
AEEI: 56
AFUG: 93
AMMC: 57
AMXQ: 44
ABRS: 56
AMNQ: 49
AJZC: 72
AFFQ: 74
AFVK: 75
ADYY: 111
ADOE: 96
AMYA: 65
ACMM: 132
ABBE: 730
AIUI: 76
ABIW: 171
AJXY: 52
ABKK: 147
AEVG: 95
ANBM: 48
APKG: 57
AETI: 109
AGZA: 87
AJCA: 47
ABQO: 107
ABAA: 0
AMJU: 57
ABCS: 254
AMVS: 57
ANOY: 46
AKCE: 81
ABDM: 460
ACRW: 71
ADFS: 145
ACKE: 88
AEDE: 88
ANMG: 62
ALNW: 53
AHOA: 82
ADIA: 173
ANBW: 43
AMJK: 54
ANTE: 53
AFJW: 90
AJWK: 74
AEHA: 102
ANZS: 48
AOHA: 48
ANYO: 56
ACJU: 203
ABUA: 184
AHTU: 86
AHOU: 60
AIHQ: 75
ABZK: 149
ANUS: 42
ABWI: 128
AGNC: 58
ABHI: 352
AIGW: 26
AHYA: 55
AGCI: 93
ADWQ: 152
APSS: 54
AJCK: 76
ACAE: 107
ANFI: 29
AMEU: 27
AIJY: 76
AIJO: 46
AKPG: 57
ABBY: 533
ANLM: 37
AHXQ: 81
AKIS: 57
AFRO: 70
AJKC: 60
ACGS: 94
ABQE: 140
AGFK: 64
AKRO: 79
ANSU: 66
AOVQ: 54
AOKW: 41
AJZW: 55
AMYK: 45
AMIG: 52
AMZO: 43
AOBQ: 52
AOIO: 49
AJEI: 58
ACQI: 146
AMBS: 48
AFCE: 99
ALZK: 24
ACBI: 153
ANEO: 39
ABXW: 139
AEMU: 93
AMEA: 62
AIAS: 93
ABGO: 194
AMLI: 46
AISA: 66
AHPE: 84
AKZG: 67
AFGK: 74
ABVY: 188
AJQQ: 55
AIQM: 81
AMDG: 38
ACHW: 97
AJHA: 37
ABAK: 496
ABDC: 295
ACUO: 117
AEUM: 87
AIVC: 77
AGBO: 44
AMCW: 65
AGRS: 69
AOSY: 43
AHAE: 51
ALAK: 71
ACTK: 113
AKNS: 55
AITY: 83
AMAO: 60
ABVO: 252
ADKI: 103
AIXK: 23
AEPM: 92
AOXE: 46
ACIQ: 121
AILW: 61
AJFC: 58
AISU: 74
AOFW: 28
APQA: 30
AHHW: 90
AHPO: 78
ANCQ: 66
AEXY: 42
AELQ: 134
ADSK: 30
APGA: 44
AEPW: 110
AFKQ: 93
ABIC: 66
ADBW: 138
AMGI: 56
AIKS: 71
ADBC: 86
AFWE: 56
ANAS: 10
AIPI: 34
AFOC: 74
AKHY: 59
ANLC: 60
AIPS: 65
AKUG: 66
AIWG: 70
AIOY: 30
ACZO: 150
ALLY: 62
AHTK: 59
ANZI: 35
AIAI: 40
ABRI: 230
ANHQ: 43
ACEK: 133
ABFA: 207
AFWY: 80
AKRY: 67
AKQK: 66
AOPM: 49
ANEY: 33
APJC: 47
AOAC: 43
AFLA: 66
ANGW: 41
ACOU: 121
ABTQ: 191
APFQ: 62
AHHM: 82
AHRW: 57
AGEG: 48
ABPK: 297
AEMA: 90
APRE: 37
AOUW: 27
AKXS: 13
AJUC: 51
AKNI: 65
ANAI: 47
ALEQ: 46
AONY: 55
ANJO: 29
AGPU: 91
AMPE: 46
AIYO: 70
AKME: 80
APME: 69
ABWS: 161
AHIQ: 68
AICQ: 62
ANDA: 54
AKGK: 63
AFQK: 66
ACWW: 63
ALUA: 67
ABEG: 461
APLU: 51
AOGQ: 37
AKFG: 63
AMRW: 41
AFXI: 96
AKJC: 56
AIOO: 57
AJJS: 78
APOM: 53
ACOA: 101
AJFW: 59
AHYU: 79
AFSS: 37
AFLK: 65
AESO: 64
AEQQ: 103
ANCG: 45
AJYI: 53
AGMS: 104
AKTW: 66
ALOG: 47
AEFW: 82
APGK: 37
ALNC: 54
AIYE: 42
AMNG: 51
ANIU: 32
ACPO: 135
ACJK: 128
ACYK: 107
AEHU: 89
AEJI: 120
AKBU: 66
AHUO: 66
AKEW: 54
AMRM: 59
AFQU: 102
ABSC: 231
AFHO: 74
ACVS: 107
ABNM: 102
AMCC: 60
AISK: 55
AGEQ: 98
AMWW: 61
AMAE: 43
APHY: 44
AJDO: 37
AOTS: 50
AFBK: 67
AODY: 47
AGVY: 83
ADRG: 103
AOYI: 52
AGLE: 68
AOAM: 47
ALTG: 63
AOUM: 48
ALWS: 70
AJMA: 69
AIGM: 31
AMKY: 43
AIRG: 37
ABZA: 174
ANJY: 52
AOSO: 34
ABKU: 157
AKDS: 65
ANFS: 41
AEAM: 74
ABCI: 378
AIXA: 69
AFFG: 111
AERK: 41
AOMA: 33
AENO: 100
AEQG: 134
APII: 68
AFXS: 97
AOZW: 55
AJUW: 54
ANTY: 48
AKOM: 58
AOQG: 47
ADTE: 96
AGAK: 66
AHVS: 53
AFDI: 76
AMMW: 45
AORU: 56
AIQW: 59
AFGA: 127
AGQY: 61
AJSY: 50
ANTO: 53
ABPA: 243
AJYS: 40
ABFK: 347
ANGC: 57
AOBG: 30
AMLS: 51
ABXM: 194
AJBQ: 59
ADUS: 106
AGUK: 83
AOMU: 58
ACRM: 145
AKYC: 67
AIBM: 87
AJXO: 87
AFCY: 72
AEXE: 77
AHFO: 81
AJWA: 52
AIBC: 53
ABHS: 182
APJM: 37
AOQQ: 44
AHPY: 66
ADIK: 64
ABLY: 286
ABLO: 209
AJDY: 78
ACFY: 178
ABMI: 136
ALMI: 43
ALDC: 47
AOXO: 46
AIVW: 69
ADPS: 146
AEBG: 135
AGLO: 82
AMPO: 45
ACDQ: 225
AOIY: 40
AMUY: 10
AJKW: 65
AGRI: 59
AGSW: 64
ALNM: 66
AEOI: 102
ADVM: 141
AIVM: 61
ALVO: 54
AEZM: 77
ANYE: 51
AFUQ: 102
ADLW: 150
ACPE: 129
ANMQ: 39
AGDC: 102
AKTM: 71
ADHG: 132
ALKA: 49
AKEM: 56
AHWW: 11
ALDW: 55
ACTA: 157
AMVI: 56
AMMM: 50
AEIY: 86
AKWY: 68
ACDG: 195
ALIC: 41
APQK: 52
AMHC: 59
ANBC: 24
AHRC: 70
AKJW: 65
APCY: 25
AHAO: 60
ANXK: 57
APMO: 32
AFJM: 88
ACHM: 142
AGNM: 106
AMWC: 42
ABJG: 290
ADNU: 62
ACMC: 179
AIRQ: 57
APCO: 46
ANRQ: 51
APSI: 35
AJHU: 73
AOSE: 20
AKII: 21
AEIO: 107
AGOQ: 59
AENY: 123
AOHU: 29
ACSQ: 187
AHCM: 54
AHCC: 79
ACGI: 133
AIUS: 44
ABEQ: 394
AKCY: 64
APBK: 52
AEWA: 79
AFQA: 44
ADVC: 115
APRY: 56
AHAY: 55
AECA: 58
APEC: 35
AGNW: 69
ANEE: 57
AOZC: 48
ALPA: 60
AFHY: 88
AGUA: 91
AEGG: 98
AMUO: 54
AEFM: 92
AFKG: 46
ABUK: 254
ABUU: 223
ACVI: 129
ALTQ: 51
AIEO: 77
AMPY: 49
ADLM: 84
AKLU: 50
AKVU: 69
AKHO: 61
AFEC: 77
ACMW: 164
ALPU: 57
AKDI: 65
APOC: 30
AFBA: 109
APAQ: 34
ACWM: 125
AOWA: 39
AFII: 100
ALAU: 44
ABBO: 126
AHMC: 70
ALBE: 34
ACSG: 122
AOWU: 44
AJNY: 38
AOFC: 54
AJLQ: 76
AHJU: 87
AKGU: 50
AGWS: 77
ALXM: 53
ANSK: 58
APBA: 50
AOGG: 26
ABPU: 194
AFCO: 88
AHQS: 70
ANVM: 44
ADJO: 31
ADXA: 116
AORA: 49
AEMK: 114
AERA: 42
AJRK: 51
AJOI: 52
AKOW: 76
ADYE: 91
ADYO: 88
AORK: 46
ANWQ: 41
ABSM: 128
ANVC: 25
APHE: 40
AGIM: 83
AITE: 48
AKPQ: 79
AHFY: 79
AGUU: 59
AMTA: 40
AKKQ: 52
AMQS: 63
ANDK: 57
AKRE: 48
AHFE: 75
AHVI: 85
AGAU: 71
AKWO: 55
AKSI: 43
AESE: 61
ANIA: 61
AJDE: 74
ADNA: 125
AJCU: 59
ACTU: 115
AGCS: 53
ADGW: 106
AJZM: 62
AOXY: 47
AHRM: 71
AMFO: 62
ALMS: 27
ABQY: 151
ACFE: 89
AGXW: 48
AFPQ: 54
AILC: 54
ANJE: 22
AMDQ: 67
AHSQ: 51
AJRU: 43
AMCM: 61
ANGM: 42
AFIS: 94
AOWK: 55
AKYM: 70
ALEG: 36
AMYU: 60
AIFI: 54
ANLW: 39
AFYM: 64
ADMQ: 97
AHGS: 65
AGJQ: 30
AHXG: 51
AGZU: 76
ALYQ: 66
AIIA: 85
APTC: 40
AKUQ: 42
AOEI: 45
AHBI: 84
AMKO: 40
AFME: 82
AGKU: 79
ALSC: 59
AOES: 55
AEZC: 105
AIXU: 44
ACUY: 134
APPQ: 38
ACZE: 87
AEWU: 91
ALZU: 63
AINA: 53
AEVQ: 80
AJPW: 39
ACXQ: 108
AFNS: 80
ADFI: 124
ALXC: 36
AEFC: 116
AIMQ: 52
AKMY: 63
ACUE: 133
AHMW: 42
APTM: 43
AJMU: 28
ADEE: 76
AJKM: 44
AGPA: 91
AEKW: 85
ADZS: 98
AHZY: 54
AHWM: 54
ADEY: 110
AKVA: 57
ABGE: 104
AOKM: 59
APEW: 45
ALQY: 30
AONO: 49
AKSS: 73
AKVK: 62
AJQG: 60
AEUW: 98
AFZQ: 83
AKBK: 35
AJLG: 58
ANDU: 45
ABSW: 235
AKGA: 78
APGU: 58
ANOE: 37
ADTY: 135
ALFA: 61
ALGE: 49
ADGC: 144
AHNQ: 79
AJBG: 72
AIBW: 65
ALZA: 47
AGFA: 87
ADDU: 172
ALKK: 65
AMOA: 45
ABYG: 106
ALKU: 60
AJES: 69
AGSC: 91
AOPC: 41
AMSG: 53
ANUI: 46
AKFQ: 65
ANVW: 62
AFNI: 89
ABJQ: 178
AFTC: 23
AGSM: 77
AHGI: 52
AJIO: 44
AEUC: 134
ACKO: 139
AGQE: 42
APCE: 52
ANKS: 48
AFTW: 80
ACIG: 191
ALQE: 69
APFG: 57
AEXO: 75
ADOO: 63
APUG: 54
ALAA: 65
AGXC: 63
AJWU: 33
AMTK: 57
AJTS: 69
ADLC: 104
AMOU: 62
AJIE: 71
ANYY: 39
ABAU: 577
AICG: 80
ALHI: 62
ALHS: 46
AEDO: 81
AIDU: 64
AECK: 47
AKHE: 75
ANQC: 49
ALRI: 54
AIYY: 44
ACLS: 161
ACYU: 84
ABVE: 198
ALQO: 58
AJXE: 55
APMY: 50
AFEW: 95
AGDM: 83
ACRC: 163
AIZS: 40
APNS: 39
AENE: 34
AGBY: 78
AKTC: 37
ADHQ: 156
AMEK: 50
ANNA: 53
ALUU: 47
AILM: 67
ACCM: 126
AEKC: 107
APPG: 45
AJTI: 84
AFYC: 81
AFYW: 69
AJFM: 60
ABNW: 142
ALFK: 45
AGKK: 72
AGIW: 90
ALYG: 36
ACEA: 146
AEYI: 104
ADBM: 110
AIHG: 99
AFOM: 89
AFMY: 95
ACCC: 151
ACZY: 127
AIGC: 99
AHYK: 61
AHEU: 66
ADJY: 97
ACNQ: 143
AKEC: 52
AOMK: 48
APTW: 51
AGVE: 62
AKAG: 71
AOZM: 67
AHBS: 65
AEAW: 24
ADTO: 78
AKXI: 48
ADUI: 89
AJAC: 55
AKWE: 48
AEYS: 77
ANXA: 53
ADAI: 129
APIS: 47
APBU: 45
ALPK: 65
ADIU: 88
AINU: 43
AHEK: 75
ANOO: 23
AOFM: 51
AMFY: 51
AMXG: 56
ALLE: 51
APLA: 52
AOJS: 42
AFPG: 76
AMAY: 70
ADSU: 119
AKQA: 57
AGMI: 80
ADQW: 139
ADXK: 123
AHTA: 41
ADJE: 94
APLK: 47
AECU: 118
ADCG: 96
APHO: 33
AOTI: 53
AJSE: 57
ACXG: 112
AODE: 32
AFHE: 115
AFSI: 83
APKQ: 48
AOPW: 36
AIMG: 70
AIJE: 48
AFAQ: 60
AHDQ: 60
AIKI: 35
AKJM: 62
AKAQ: 62
AFGU: 78
AOJI: 47
AIQC: 54
AGFU: 82
AJVQ: 44
AGJG: 94
ALOQ: 48
ANHG: 31
AHNG: 81
AKYW: 46
AODO: 48
ALSM: 50
AGWI: 59
AGBE: 79
ACYA: 143
AEGQ: 61
ALVE: 60
AMSQ: 61
APDS: 47
ANKI: 42
ABTG: 138
AKMO: 46
AJNO: 49
AFZG: 96
AJPC: 62
AHKE: 77
AERU: 61
AGYG: 82
AKLK: 50
AGGY: 72
AIWQ: 39
AOAW: 44
AHSG: 68
AOVG: 52
AEES: 122
ALWI: 57
AHUE: 74
AMKE: 55
AFBU: 81
AFTM: 121
AMRC: 45
AGYQ: 73
ANSA: 44
AOHK: 54
AGIC: 70
ADDK: 113
APOW: 47
ADOY: 64
ADMG: 147
AGZK: 92
AJPM: 67
AKQU: 58
ALRS: 50
AHWC: 95
AJGG: 59
AOKC: 30
AMHM: 58
AHUY: 77
ACNG: 134
AOUC: 55
AOLQ: 43
AKKG: 64
AMFE: 62
ALLO: 65
AOCU: 39
AFEM: 92
AHHC: 51
AOCA: 41
AFJC: 111
AMUE: 49
ABIM: 218
ANPI: 54
AGTQ: 85
ACEU: 146
ACAY: 124
AEPC: 72
ABNC: 231
ANNU: 64
AITO: 30
AHDG: 74
AIIU: 33
AMQI: 41
ALIW: 56
AGXM: 72
AFOW: 64
AJUM: 36
ADPI: 72
AMTU: 59
AFWO: 78
AHLS: 67
ADGM: 89
AMZE: 62
AJGQ: 59
AMOK: 29
ALFU: 39
AIOE: 74
AOCK: 36
ACAO: 167
AJRA: 44
AMBI: 54
AGKA: 54
AFRE: 72
AESY: 60
AJHK: 64
ADEO: 105
ALBY: 61
ADSA: 69
ALGO: 39
AGHI: 33
AETS: 119
